<?xml version="1.0" encoding="UTF-8"?>
<!-- Generated by org.testng.reporters.JUnitXMLReporter -->
<testsuite hostname="LAPTOP-4ARH164U" ignored="0" name="Test" tests="6" failures="0" timestamp="20 Jan 2021 15:41:08 GMT" time="0.015" errors="0">
  <testcase name="BrowserAutomation" time="0.0" classname="mavenproject.SeleniumTest"/>
  <testcase name="elementsUi" time="0.0" classname="mavenproject.SeleniumTest"/>
  <testcase name="deleteTwitter" time="0.0" classname="mavenproject.RESTAPITest"/>
  <testcase name="postJira" time="0.0" classname="mavenproject.RESTAPITest"/>
  <testcase name="IOSApps" time="0.0" classname="mavenproject.AppiumTest"/>
  <testcase name="NativeAppAndroid" time="0.0" classname="mavenproject.AppiumTest"/>
</testsuite> <!-- Test -->
