<?xml version="1.0" encoding="UTF-8"?>
<testng-results skipped="0" failed="0" ignored="0" total="6" passed="6">
  <reporter-output>
  </reporter-output>
  <suite name="Suite" duration-ms="15" started-at="2021-01-20T15:41:08Z" finished-at="2021-01-20T15:41:08Z">
    <groups>
    </groups>
    <test name="Test" duration-ms="15" started-at="2021-01-20T15:41:08Z" finished-at="2021-01-20T15:41:08Z">
      <class name="mavenproject.SeleniumTest">
        <test-method status="PASS" signature="elementsUi()[pri:0, instance:mavenproject.SeleniumTest@1bce4f0a]" name="elementsUi" duration-ms="0" started-at="2021-01-20T15:41:08Z" finished-at="2021-01-20T15:41:08Z">
          <reporter-output>
          </reporter-output>
        </test-method> <!-- elementsUi -->
        <test-method status="PASS" signature="BrowserAutomation()[pri:0, instance:mavenproject.SeleniumTest@1bce4f0a]" name="BrowserAutomation" duration-ms="0" started-at="2021-01-20T15:41:08Z" finished-at="2021-01-20T15:41:08Z">
          <reporter-output>
          </reporter-output>
        </test-method> <!-- BrowserAutomation -->
      </class> <!-- mavenproject.SeleniumTest -->
      <class name="mavenproject.AppiumTest">
        <test-method status="PASS" signature="IOSApps()[pri:0, instance:mavenproject.AppiumTest@5c3bd550]" name="IOSApps" duration-ms="0" started-at="2021-01-20T15:41:08Z" finished-at="2021-01-20T15:41:08Z">
          <reporter-output>
          </reporter-output>
        </test-method> <!-- IOSApps -->
        <test-method status="PASS" signature="NativeAppAndroid()[pri:0, instance:mavenproject.AppiumTest@5c3bd550]" name="NativeAppAndroid" duration-ms="0" started-at="2021-01-20T15:41:08Z" finished-at="2021-01-20T15:41:08Z">
          <reporter-output>
          </reporter-output>
        </test-method> <!-- NativeAppAndroid -->
      </class> <!-- mavenproject.AppiumTest -->
      <class name="mavenproject.RESTAPITest">
        <test-method status="PASS" signature="postJira()[pri:0, instance:mavenproject.RESTAPITest@5e3a8624]" name="postJira" duration-ms="0" started-at="2021-01-20T15:41:08Z" finished-at="2021-01-20T15:41:08Z">
          <reporter-output>
          </reporter-output>
        </test-method> <!-- postJira -->
        <test-method status="PASS" signature="deleteTwitter()[pri:0, instance:mavenproject.RESTAPITest@5e3a8624]" name="deleteTwitter" duration-ms="0" started-at="2021-01-20T15:41:08Z" finished-at="2021-01-20T15:41:08Z">
          <reporter-output>
          </reporter-output>
        </test-method> <!-- deleteTwitter -->
      </class> <!-- mavenproject.RESTAPITest -->
    </test> <!-- Test -->
  </suite> <!-- Suite -->
</testng-results>
